? cannot open or parse 'games/mertin13x13/goliath-gnugo1.B+11.sgf'

=1 D4

? cannot open or parse 'games/mertin13x13/goliath-gnugo1.B+11.sgf'

=2 D4

? cannot open or parse 'games/mertin13x13/goliath-gnugo1.B+11.sgf'

=3 D4

? cannot open or parse 'games/mertin13x13/goliath-gnugo2.W+9.sgf'

=4 D4

? cannot open or parse 'games/mertin13x13/goliath-gnugo3.W+0.sgf'

=5 D4

? cannot open or parse 'games/mertin13x13/goliath-gnugo3.W+0.sgf'

=6 D4

? cannot open or parse 'games/mertin13x13/goliath-gnugo3.W+0.sgf'

=7 D4

? cannot open or parse 'games/mertin13x13/goliath-gnugo3.W+0.sgf'

=8 D4

? cannot open or parse 'games/mertin13x13/goliath-gnugo3.W+0.sgf'

=9 D4

? cannot open or parse 'games/mertin13x13/gointellect-gnugo1.B+14.sgf'

=10 D4

? cannot open or parse 'games/mertin13x13/gointellect-gnugo1.B+14.sgf'

=11 D4

? cannot open or parse 'games/mertin13x13/gointellect-gnugo1.B+14.sgf'

=12 D4

? cannot open or parse 'games/mertin13x13/gointellect-gnugo2.W+8.sgf'

=13 D4

? cannot open or parse 'games/mertin13x13/gointellect-gnugo2.W+8.sgf'

=14 D4

? cannot open or parse 'games/mertin13x13/gointellect-gnugo2.W+8.sgf'

=15 D4

? cannot open or parse 'games/mertin13x13/gointellect-gnugo3.B+1.sgf'

=16 D4

? cannot open or parse 'games/mertin13x13/gointellect-gnugo3.B+1.sgf'

=17 D4

? cannot open or parse 'games/mertin13x13/gointellect-gnugo3.B+1.sgf'

?18 vertex must not be empty

? cannot open or parse 'games/mertin13x13/gointellect-gnugo3.B+1.sgf'

=19 D4

? cannot open or parse 'games/mertin13x13/gointellect-gnugo3.B+1.sgf'

=20 D4

? cannot open or parse 'games/mertin13x13/gointellect-gnugo3.B+1.sgf'

=21 D4

? cannot open or parse 'games/mertin13x13/gointellect-gnugo3.B+1.sgf'

=22 D4

? cannot open or parse 'games/mertin13x13/katsunari-gnugo3.B+14.sgf'

=23 D4

? cannot open or parse 'games/mertin13x13/katsunari-gnugo3.B+14.sgf'

=24 D4

? cannot open or parse 'games/mertin13x13/katsunari-gnugo3.B+14.sgf'

=25 D4

? cannot open or parse 'games/mertin13x13/katsunari-gnugo3.B+14.sgf'

=26 D4

? cannot open or parse 'games/mertin13x13/katsunari-gnugo1.W+45.sgf'

=27 D4

? cannot open or parse 'games/mertin13x13/katsunari-gnugo1.W+45.sgf'

=28 D4

? cannot open or parse 'games/mertin13x13/katsunari-gnugo1.W+45.sgf'

=29 D4

? cannot open or parse 'games/mertin13x13/katsunari-gnugo1.W+45.sgf'

=30 D4

? cannot open or parse 'games/mertin13x13/katsunari-gnugo1.W+45.sgf'

=31 D4

? cannot open or parse 'games/mertin13x13/katsunari-gnugo1.W+45.sgf'

=33 D4

? cannot open or parse 'games/mertin13x13/katsunari-gnugo1.W+45.sgf'

=34 D4

? cannot open or parse 'games/mertin13x13/katsunari-gnugo1.W+45.sgf'

=35 D4

? cannot open or parse 'games/mertin13x13/katsunari-gnugo1.W+45.sgf'

=36 D4

? cannot open or parse 'games/mertin13x13/katsunari-gnugo2.W+4.sgf'

=37 D4

? cannot open or parse 'games/mertin13x13/katsunari-gnugo2.W+4.sgf'

=38 D4

? cannot open or parse 'games/mertin13x13/katsunari-gnugo2.W+4.sgf'

=39 D4

? cannot open or parse 'games/mertin13x13/katsunari-gnugo2.W+4.sgf'

=40 D4

? cannot open or parse 'games/mertin13x13/katsunari-gnugo2.W+4.sgf'

=41 D4

? cannot open or parse 'games/mertin13x13/katsunari-gnugo2.W+4.sgf'

=42 D4

? cannot open or parse 'games/mertin13x13/gnugo-goliath1.W+11.sgf'

=43 Q16

? cannot open or parse 'games/mertin13x13/gnugo-goliath1.W+11.sgf'

=44 Q16

? cannot open or parse 'games/mertin13x13/gnugo-goliath1.W+11.sgf'

=45 Q16

? cannot open or parse 'games/mertin13x13/gnugo-goliath1.W+11.sgf'

=46 Q16

? cannot open or parse 'games/mertin13x13/gnugo-goliath2.W+38.sgf'

=47 R16

? cannot open or parse 'games/mertin13x13/gnugo-goliath2.W+38.sgf'

=48 Q16

? cannot open or parse 'games/mertin13x13/gnugo-goliath2.W+38.sgf'

=49 Q16

? cannot open or parse 'games/mertin13x13/gnugo-goliath2.W+38.sgf'

=149 Q16

? cannot open or parse 'games/mertin13x13/gnugo-goliath2.W+38.sgf'

=50 Q16

? cannot open or parse 'games/mertin13x13/gnugo-goliath2.W+38.sgf'

=51 Q16

? cannot open or parse 'games/mertin13x13/gnugo-goliath2.W+38.sgf'

=52 Q16

? cannot open or parse 'games/mertin13x13/gnugo-goliath2.W+38.sgf'

=53 Q16

? cannot open or parse 'games/mertin13x13/gnugo-goliath2.W+38.sgf'

=54 Q16

? cannot open or parse 'games/mertin13x13/gnugo-goliath2.W+38.sgf'

=55 Q16

? cannot open or parse 'games/mertin13x13/gnugo-goliath2.W+38.sgf'

=56 Q16

? cannot open or parse 'games/mertin13x13/gnugo-goliath2.W+38.sgf'

=57 Q16

? cannot open or parse 'games/mertin13x13/gnugo-goliath3.B+16.sgf'

?58 vertex must not be empty

? cannot open or parse 'games/mertin13x13/gnugo-katsunari1.B+21.sgf'

=59 Q16

? cannot open or parse 'games/mertin13x13/gnugo-katsunari1.B+21.sgf'

=60 Q16

? cannot open or parse 'games/mertin13x13/gnugo-katsunari1.B+21.sgf'

=61 Q16

? cannot open or parse 'games/mertin13x13/gnugo-katsunari2.B+66.sgf'

=62 Q16

? cannot open or parse 'games/mertin13x13/gnugo-katsunari2.B+66.sgf'

=63 Q16

? cannot open or parse 'games/mertin13x13/gnugo-katsunari2.B+66.sgf'

=64 Q16

? cannot open or parse 'games/mertin13x13/gnugo-katsunari2.B+66.sgf'

=65 Q16

? cannot open or parse 'games/mertin13x13/gnugo-katsunari2.B+66.sgf'

=66 Q16

? cannot open or parse 'games/mertin13x13/gnugo-katsunari2.B+66.sgf'

=67 Q16

? cannot open or parse 'games/mertin13x13/gnugo-katsunari2.B+66.sgf'

=68 Q16

? cannot open or parse 'games/mertin13x13/gnugo-katsunari2.B+66.sgf'

=69 Q16

? cannot open or parse 'games/mertin13x13/gnugo-gointellect1.W+28.sgf'

=70 Q16

? cannot open or parse 'games/mertin13x13/gnugo-gointellect1.W+28.sgf'

=71 Q16

? cannot open or parse 'games/mertin13x13/gnugo-gointellect1.W+28.sgf'

=72 Q16

? cannot open or parse 'games/mertin13x13/gnugo-gointellect1.W+28.sgf'

=73 Q16

? cannot open or parse 'games/mertin13x13/gnugo-gointellect1.W+28.sgf'

=74 Q16

? cannot open or parse 'games/mertin13x13/gnugo-gointellect2.W+2.sgf'

=75 Q16

? cannot open or parse 'games/mertin13x13/gnugo-gointellect2.W+2.sgf'

=76 Q16

? cannot open or parse 'games/mertin13x13/gnugo-gointellect2.W+2.sgf'

=77 Q16

? cannot open or parse 'games/mertin13x13/gnugo-gointellect2.W+2.sgf'

=78 Q16

? cannot open or parse 'games/mertin13x13/gnugo-gointellect2.W+2.sgf'

=79 Q16

? cannot open or parse 'games/mertin13x13/gnugo-gointellect2.W+2.sgf'

=80 Q16

? cannot open or parse 'games/mertin13x13/gnugo-gointellect2.W+2.sgf'

=81 Q16

? cannot open or parse 'games/mertin13x13/gnugo-gointellect3.W+37.sgf'

=82 Q16

? cannot open or parse 'games/mertin13x13/gnugo-gointellect3.W+37.sgf'

=83 Q16

? cannot open or parse 'games/mertin13x13/gnugo-gointellect3.W+37.sgf'

=84 Q16

? cannot open or parse 'games/mertin13x13/gnugo-gointellect3.W+37.sgf'

=85 Q16

? cannot open or parse 'games/mertin13x13/gnugo-gointellect3.W+37.sgf'

?86 vertex must not be empty

? cannot open or parse 'games/mertin13x13/gnugo-gointellect3.W+37.sgf'

=87 Q16

? cannot open or parse 'games/mertin13x13/gnugo-gointellect3.W+37.sgf'

=88 Q16

? cannot open or parse 'games/mertin13x13/gnugo-gointellect3.W+37.sgf'

?89 vertex must not be empty

? cannot open or parse 'games/mertin13x13/gnugo-gointellect3.W+37.sgf'

=90 Q16

? cannot open or parse 'games/mertin13x13/gnugo-gointellect3.W+37.sgf'

=91 Q16

