SU3 with improved KS action
Microcanonical simulation with refreshing
MIMD version 6
Machine = Scalar processor, with 1 nodes
R algorithm
type 0 for no prompts  or 1 for prompts
nflavors 2
nx 20
ny 20
nz 20
nt 20
iseed 1234
LAYOUT = Hypercubes, options = EVENFIRST,
Made lattice
Made nn gathers
Made 3nn gathers
Finished setup


warms 0
trajecs 1
traj_between_meas 1
beta 5.6
mass 0.125
u0 1
microcanonical_time_step 0.2
steps_per_trajectory 2
max_cg_iterations 100
error_per_site 0.125
error_for_propagator 0.125
fresh 
forget 
unit gauge configuration loaded
CHECK PLAQ: 3.000000e+00 3.000000e+00
